{"level":"info","message":"playwright-framework-template undefined","service":"job-posting-service","timestamp":"2025-09-26T07:54:50.573Z"}
{"level":"info","message":"info","meta":"Test Suite Started :  , 1 tests","service":"job-posting-service","timestamp":"2025-09-26T07:54:51.022Z"}
{"level":"info","message":"info","meta":"Test Case Started : Perform operation on Input field","service":"job-posting-service","timestamp":"2025-09-26T07:54:55.031Z"}
{"level":"info","message":"Reading JSON from:","meta":"C:\\fastcode\\playwright-framework-template\\tests\\resources\\uiMap\\moataeldebsy.json","service":"job-posting-service","timestamp":"2025-09-26T07:54:57.675Z"}
{"level":"info","message":"info","meta":"Executing Step : navigateToUrl : https://test-edzotech.web.app/index.html - WebHelper.navigateToUrl ","service":"job-posting-service","timestamp":"2025-09-26T07:54:57.696Z"}
{"level":"info","message":{"Basic":{"Forms":{"Email":{"label":"Email","locatorType":"xpath","locatorValue":"//label[@for='email']","objType":"Label"},"EmailText":{"invalidTestData":"","locatorType":"xpath","locatorValue":"//input[@data-test='email-input']","objType":"textbox","saveTestData":"","validTestData":""},"Password":{"label":"Password","locatorType":"xpath","locatorValue":"//label[@for='password']","objType":"Label"},"PasswordText":{"invalidTestData":"","locatorType":"xpath","locatorValue":"//input[@data-test='password-input']","objType":"textbox","saveTestData":"","validTestData":""},"SignIn":{"label":"Sign In","locatorType":"xpath","locatorValue":"//button[@data-test='submit-button']","objType":"button"},"Username":{"label":"Username","locatorType":"xpath","locatorValue":"//label[@for='username']","objType":"Label"},"UsernameText":{"invalidTestData":"","locatorType":"xpath","locatorValue":"//input[@data-test='username-input']","objType":"textbox","saveTestData":"A|B","validTestData":""}},"Table":{}}},"service":"job-posting-service","timestamp":"2025-09-26T07:54:57.688Z"}
{"level":"info","message":"Is input field enabled?","meta":true,"service":"job-posting-service","timestamp":"2025-09-26T07:54:58.476Z"}
{"level":"info","message":"Is input field visible?","meta":true,"service":"job-posting-service","timestamp":"2025-09-26T07:54:58.609Z"}
{"level":"info","message":"Read value using textContent()","meta":"","service":"job-posting-service","timestamp":"2025-09-26T07:54:59.227Z"}
{"level":"info","message":"Read value using innerText()","meta":"","service":"job-posting-service","timestamp":"2025-09-26T07:54:59.231Z"}
{"level":"info","message":"Read value using innerHTML()","meta":"","service":"job-posting-service","timestamp":"2025-09-26T07:54:59.234Z"}
{"level":"info","message":"Read value using inputValue()","meta":"ABCD123","service":"job-posting-service","timestamp":"2025-09-26T07:54:59.237Z"}
{"level":"info","message":"Read value using inputValue() after clear()","meta":"","service":"job-posting-service","timestamp":"2025-09-26T07:55:09.142Z"}
{"level":"info","message":"info","meta":"Test Case Completed : Perform operation on Input field Status : passed","service":"job-posting-service","timestamp":"2025-09-26T07:55:10.985Z"}
{"level":"info","message":"playwright-framework-template undefined","service":"job-posting-service","timestamp":"2025-09-26T09:18:19.977Z"}
{"level":"info","message":"info","meta":"Test Suite Started :  , 1 tests","service":"job-posting-service","timestamp":"2025-09-26T09:18:20.388Z"}
{"level":"info","message":"info","meta":"Test Case Started : Perform operation on Input field","service":"job-posting-service","timestamp":"2025-09-26T09:18:24.145Z"}
{"level":"info","message":"Reading JSON from:","meta":"C:\\fastcode\\playwright-framework-template\\tests\\resources\\uiMap\\moataeldebsy.json","service":"job-posting-service","timestamp":"2025-09-26T09:18:26.761Z"}
{"level":"info","message":"info","meta":"Executing Step : navigateToUrl : https://test-edzotech.web.app/index.html - WebHelper.navigateToUrl ","service":"job-posting-service","timestamp":"2025-09-26T09:18:26.783Z"}
{"level":"info","message":{"Basic":{"Forms":{"Email":{"label":"Email","locatorType":"xpath","locatorValue":"//label[@for='email']","objType":"Label"},"EmailText":{"invalidTestData":"","locatorType":"xpath","locatorValue":"//input[@data-test='email-input']","objType":"textbox","saveTestData":"","validTestData":""},"Password":{"label":"Password","locatorType":"xpath","locatorValue":"//label[@for='password']","objType":"Label"},"PasswordText":{"invalidTestData":"","locatorType":"xpath","locatorValue":"//input[@data-test='password-input']","objType":"textbox","saveTestData":"","validTestData":""},"SignIn":{"label":"Sign In","locatorType":"xpath","locatorValue":"//button[@data-test='submit-button']","objType":"button"},"Username":{"label":"Username","locatorType":"xpath","locatorValue":"//label[@for='username']","objType":"Label"},"UsernameText":{"invalidTestData":"","locatorType":"xpath","locatorValue":"//input[@data-test='username-input']","objType":"textbox","saveTestData":"A|B","validTestData":""}},"Table":{}}},"service":"job-posting-service","timestamp":"2025-09-26T09:18:26.771Z"}
{"level":"info","message":"Is input field enabled?","meta":true,"service":"job-posting-service","timestamp":"2025-09-26T09:18:27.676Z"}
{"level":"info","message":"Is input field visible?","meta":true,"service":"job-posting-service","timestamp":"2025-09-26T09:18:27.749Z"}
{"level":"info","message":"Read value using textContent()","meta":"","service":"job-posting-service","timestamp":"2025-09-26T09:18:28.291Z"}
{"level":"info","message":"Read value using innerText()","meta":"","service":"job-posting-service","timestamp":"2025-09-26T09:18:28.294Z"}
{"level":"info","message":"Read value using innerHTML()","meta":"","service":"job-posting-service","timestamp":"2025-09-26T09:18:28.297Z"}
{"level":"info","message":"Read value using inputValue()","meta":"ABCD123","service":"job-posting-service","timestamp":"2025-09-26T09:18:28.298Z"}
{"level":"info","message":"Read value using inputValue() after clear()","meta":"","service":"job-posting-service","timestamp":"2025-09-26T09:19:02.845Z"}
{"level":"info","message":"info","meta":"Test Case Completed : Perform operation on Input field Status : passed","service":"job-posting-service","timestamp":"2025-09-26T09:19:10.424Z"}
{"level":"info","message":"playwright-framework-template undefined","service":"job-posting-service","timestamp":"2025-09-26T09:21:12.385Z"}
{"level":"info","message":"info","meta":"Test Suite Started :  , 1 tests","service":"job-posting-service","timestamp":"2025-09-26T09:21:12.922Z"}
{"level":"info","message":"info","meta":"Test Case Started : Perform operation on Input field","service":"job-posting-service","timestamp":"2025-09-26T09:21:16.401Z"}
{"level":"info","message":"Reading JSON from:","meta":"C:\\fastcode\\playwright-framework-template\\tests\\resources\\uiMap\\moataeldebsy.json","service":"job-posting-service","timestamp":"2025-09-26T09:21:18.452Z"}
{"level":"info","message":"info","meta":"Executing Step : navigateToUrl : https://test-edzotech.web.app/index.html - WebHelper.navigateToUrl ","service":"job-posting-service","timestamp":"2025-09-26T09:21:18.472Z"}
{"level":"info","message":{"Basic":{"Forms":{"Email":{"label":"Email","locatorType":"xpath","locatorValue":"//label[@for='email']","objType":"Label"},"EmailText":{"invalidTestData":"","locatorType":"xpath","locatorValue":"//input[@data-test='email-input']","objType":"textbox","saveTestData":"","validTestData":""},"Password":{"label":"Password","locatorType":"xpath","locatorValue":"//label[@for='password']","objType":"Label"},"PasswordText":{"invalidTestData":"","locatorType":"xpath","locatorValue":"//input[@data-test='password-input']","objType":"textbox","saveTestData":"","validTestData":""},"SignIn":{"label":"Sign In","locatorType":"xpath","locatorValue":"//button[@data-test='submit-button']","objType":"button"},"Username":{"label":"Username","locatorType":"xpath","locatorValue":"//label[@for='username']","objType":"Label"},"UsernameText":{"invalidTestData":"","locatorType":"xpath","locatorValue":"//input[@data-test='username-input']","objType":"textbox","saveTestData":"A|B","validTestData":""}},"Table":{}}},"service":"job-posting-service","timestamp":"2025-09-26T09:21:18.469Z"}
{"level":"info","message":"Is input field enabled?","meta":true,"service":"job-posting-service","timestamp":"2025-09-26T09:21:19.123Z"}
{"level":"info","message":"Is input field visible?","meta":true,"service":"job-posting-service","timestamp":"2025-09-26T09:21:19.186Z"}
{"level":"info","message":"Read value using textContent()","meta":"","service":"job-posting-service","timestamp":"2025-09-26T09:21:19.474Z"}
{"level":"info","message":"Read value using innerText()","meta":"","service":"job-posting-service","timestamp":"2025-09-26T09:21:19.476Z"}
{"level":"info","message":"Read value using innerHTML()","meta":"","service":"job-posting-service","timestamp":"2025-09-26T09:21:19.477Z"}
{"level":"info","message":"Read value using inputValue()","meta":"ABCD123","service":"job-posting-service","timestamp":"2025-09-26T09:21:19.478Z"}
{"level":"info","message":"Read value using inputValue() after clear()","meta":"","service":"job-posting-service","timestamp":"2025-09-26T09:21:22.051Z"}
{"level":"info","message":"info","meta":"Test Case Completed : Perform operation on Input field Status : passed","service":"job-posting-service","timestamp":"2025-09-26T09:21:38.868Z"}
{"level":"info","message":"playwright-framework-template undefined","service":"job-posting-service","timestamp":"2025-09-26T09:22:31.613Z"}
{"level":"info","message":"info","meta":"Test Suite Started :  , 1 tests","service":"job-posting-service","timestamp":"2025-09-26T09:22:32.032Z"}
{"level":"info","message":"info","meta":"Test Case Started : Perform operation on Input field","service":"job-posting-service","timestamp":"2025-09-26T09:22:36.437Z"}
{"level":"info","message":"Reading JSON from:","meta":"C:\\fastcode\\playwright-framework-template\\tests\\resources\\uiMap\\moataeldebsy.json","service":"job-posting-service","timestamp":"2025-09-26T09:22:38.861Z"}
{"level":"info","message":"info","meta":"Executing Step : navigateToUrl : https://test-edzotech.web.app/index.html - WebHelper.navigateToUrl ","service":"job-posting-service","timestamp":"2025-09-26T09:22:38.883Z"}
{"level":"info","message":{"Basic":{"Forms":{"Email":{"label":"Email","locatorType":"xpath","locatorValue":"//label[@for='email']","objType":"Label"},"EmailText":{"invalidTestData":"","locatorType":"xpath","locatorValue":"//input[@data-test='email-input']","objType":"textbox","saveTestData":"","validTestData":""},"Password":{"label":"Password","locatorType":"xpath","locatorValue":"//label[@for='password']","objType":"Label"},"PasswordText":{"invalidTestData":"","locatorType":"xpath","locatorValue":"//input[@data-test='password-input']","objType":"textbox","saveTestData":"","validTestData":""},"SignIn":{"label":"Sign In","locatorType":"xpath","locatorValue":"//button[@data-test='submit-button']","objType":"button"},"Username":{"label":"Username","locatorType":"xpath","locatorValue":"//label[@for='username']","objType":"Label"},"UsernameText":{"invalidTestData":"","locatorType":"xpath","locatorValue":"//input[@data-test='username-input']","objType":"textbox","saveTestData":"A|B","validTestData":""}},"Table":{}}},"service":"job-posting-service","timestamp":"2025-09-26T09:22:38.873Z"}
{"level":"info","message":"Is input field enabled?","meta":true,"service":"job-posting-service","timestamp":"2025-09-26T09:22:39.743Z"}
{"level":"info","message":"Is input field visible?","meta":true,"service":"job-posting-service","timestamp":"2025-09-26T09:22:39.837Z"}
{"level":"info","message":"Read value using textContent()","meta":"","service":"job-posting-service","timestamp":"2025-09-26T09:22:40.418Z"}
{"level":"info","message":"Read value using innerText()","meta":"","service":"job-posting-service","timestamp":"2025-09-26T09:22:40.420Z"}
{"level":"info","message":"Read value using innerHTML()","meta":"","service":"job-posting-service","timestamp":"2025-09-26T09:22:40.422Z"}
{"level":"info","message":"Read value using inputValue()","meta":"ABCD123","service":"job-posting-service","timestamp":"2025-09-26T09:22:40.423Z"}
{"level":"info","message":"Read value using inputValue() after clear()","meta":"","service":"job-posting-service","timestamp":"2025-09-26T09:23:05.067Z"}
{"level":"info","message":"info","meta":"Test Case Completed : Perform operation on Input field Status : passed","service":"job-posting-service","timestamp":"2025-09-26T09:23:07.727Z"}
{"level":"info","message":"playwright-framework-template undefined","service":"job-posting-service","timestamp":"2025-09-26T09:25:20.574Z"}
{"level":"info","message":"info","meta":"Test Suite Started :  , 1 tests","service":"job-posting-service","timestamp":"2025-09-26T09:25:21.002Z"}
{"level":"info","message":"info","meta":"Test Case Started : Perform operation on Input field","service":"job-posting-service","timestamp":"2025-09-26T09:25:25.048Z"}
{"level":"info","message":"Reading JSON from:","meta":"C:\\fastcode\\playwright-framework-template\\tests\\resources\\uiMap\\moataeldebsy.json","service":"job-posting-service","timestamp":"2025-09-26T09:25:27.558Z"}
{"level":"info","message":"info","meta":"Executing Step : navigateToUrl : https://test-edzotech.web.app/index.html - WebHelper.navigateToUrl ","service":"job-posting-service","timestamp":"2025-09-26T09:25:27.591Z"}
{"level":"info","message":{"Basic":{"Forms":{"Email":{"label":"Email","locatorType":"xpath","locatorValue":"//label[@for='email']","objType":"Label"},"EmailText":{"invalidTestData":"","locatorType":"xpath","locatorValue":"//input[@data-test='email-input']","objType":"textbox","saveTestData":"","validTestData":""},"Password":{"label":"Password","locatorType":"xpath","locatorValue":"//label[@for='password']","objType":"Label"},"PasswordText":{"invalidTestData":"","locatorType":"xpath","locatorValue":"//input[@data-test='password-input']","objType":"textbox","saveTestData":"","validTestData":""},"SignIn":{"label":"Sign In","locatorType":"xpath","locatorValue":"//button[@data-test='submit-button']","objType":"button"},"Username":{"label":"Username","locatorType":"xpath","locatorValue":"//label[@for='username']","objType":"Label"},"UsernameText":{"invalidTestData":"","locatorType":"xpath","locatorValue":"//input[@data-test='username-input']","objType":"textbox","saveTestData":"A|B","validTestData":""}},"Table":{}}},"service":"job-posting-service","timestamp":"2025-09-26T09:25:27.578Z"}
{"level":"info","message":"Is input field enabled?","meta":true,"service":"job-posting-service","timestamp":"2025-09-26T09:25:28.545Z"}
{"level":"info","message":"Is input field visible?","meta":true,"service":"job-posting-service","timestamp":"2025-09-26T09:25:28.631Z"}
{"level":"info","message":"Read value using textContent()","meta":"","service":"job-posting-service","timestamp":"2025-09-26T09:25:29.095Z"}
{"level":"info","message":"Read value using innerText()","meta":"","service":"job-posting-service","timestamp":"2025-09-26T09:25:29.099Z"}
{"level":"info","message":"Read value using innerHTML()","meta":"","service":"job-posting-service","timestamp":"2025-09-26T09:25:29.102Z"}
{"level":"info","message":"Read value using inputValue()","meta":"ABCD123","service":"job-posting-service","timestamp":"2025-09-26T09:25:29.105Z"}
{"level":"info","message":"Read value using inputValue() after clear()","meta":"","service":"job-posting-service","timestamp":"2025-09-26T09:25:29.355Z"}
{"level":"info","message":"info","meta":"Test Case Completed : Perform operation on Input field Status : passed","service":"job-posting-service","timestamp":"2025-09-26T09:25:31.123Z"}
{"level":"info","message":"playwright-framework-template undefined","service":"job-posting-service","timestamp":"2025-09-26T09:37:46.634Z"}
{"level":"info","message":"info","meta":"Test Suite Started :  , 1 tests","service":"job-posting-service","timestamp":"2025-09-26T09:37:47.110Z"}
{"level":"info","message":"info","meta":"Test Case Started : Perform operation on Input field","service":"job-posting-service","timestamp":"2025-09-26T09:37:50.658Z"}
{"level":"info","message":"Reading JSON from:","meta":"C:\\fastcode\\playwright-framework-template\\tests\\resources\\uiMap\\moataeldebsy.json","service":"job-posting-service","timestamp":"2025-09-26T09:37:52.679Z"}
{"level":"info","message":"info","meta":"Executing Step : navigateToUrl : https://test-edzotech.web.app/index.html - WebHelper.navigateToUrl ","service":"job-posting-service","timestamp":"2025-09-26T09:37:52.698Z"}
{"level":"info","message":{"Basic":{"Forms":{"Email":{"label":"Email","locatorType":"xpath","locatorValue":"//label[@for='email']","objType":"Label"},"EmailText":{"invalidTestData":"","locatorType":"xpath","locatorValue":"//input[@data-test='email-input']","objType":"textbox","saveTestData":"","validTestData":""},"Password":{"label":"Password","locatorType":"xpath","locatorValue":"//label[@for='password']","objType":"Label"},"PasswordText":{"invalidTestData":"","locatorType":"xpath","locatorValue":"//input[@data-test='password-input']","objType":"textbox","saveTestData":"","validTestData":""},"SignIn":{"label":"Sign In","locatorType":"xpath","locatorValue":"//button[@data-test='submit-button']","objType":"button"},"Username":{"label":"Username","locatorType":"xpath","locatorValue":"//label[@for='username']","objType":"Label"},"UsernameText":{"invalidTestData":"","locatorType":"xpath","locatorValue":"//input[@data-test='username-input']","objType":"textbox","saveTestData":"A|B","validTestData":""}},"Table":{}}},"service":"job-posting-service","timestamp":"2025-09-26T09:37:52.689Z"}
{"level":"info","message":"Is input field enabled?","meta":true,"service":"job-posting-service","timestamp":"2025-09-26T09:37:53.363Z"}
{"level":"info","message":"Is input field visible?","meta":true,"service":"job-posting-service","timestamp":"2025-09-26T09:37:53.426Z"}
{"level":"info","message":"Read value using textContent()","meta":"","service":"job-posting-service","timestamp":"2025-09-26T09:37:53.782Z"}
{"level":"info","message":"Read value using innerText()","meta":"","service":"job-posting-service","timestamp":"2025-09-26T09:37:53.785Z"}
{"level":"info","message":"Read value using innerHTML()","meta":"","service":"job-posting-service","timestamp":"2025-09-26T09:37:53.786Z"}
{"level":"info","message":"Read value using inputValue()","meta":"ABCD123","service":"job-posting-service","timestamp":"2025-09-26T09:37:53.787Z"}
{"level":"info","message":"Read value using inputValue() after clear()","meta":"","service":"job-posting-service","timestamp":"2025-09-26T09:37:53.926Z"}
{"level":"info","message":"info","meta":"Test Case Completed : Perform operation on Input field Status : passed","service":"job-posting-service","timestamp":"2025-09-26T09:37:54.583Z"}
{"level":"info","message":"playwright-framework-template undefined","service":"job-posting-service","timestamp":"2025-09-26T09:50:06.721Z"}
{"level":"info","message":"info","meta":"Test Suite Started :  , 1 tests","service":"job-posting-service","timestamp":"2025-09-26T09:50:07.349Z"}
{"level":"info","message":"info","meta":"Test Case Started : Perform operation on Input field","service":"job-posting-service","timestamp":"2025-09-26T09:50:11.617Z"}
{"level":"info","message":"Reading JSON from:","meta":"C:\\fastcode\\playwright-framework-template\\tests\\resources\\uiMap\\moataeldebsy.json","service":"job-posting-service","timestamp":"2025-09-26T09:50:14.408Z"}
{"level":"info","message":"info","meta":"Executing Step : navigateToUrl : https://test-edzotech.web.app/index.html - WebHelper.navigateToUrl ","service":"job-posting-service","timestamp":"2025-09-26T09:50:14.442Z"}
{"level":"info","message":{"Basic":{"Forms":{"Email":{"label":"Email","locatorType":"xpath","locatorValue":"//label[@for='email']","objType":"Label"},"EmailText":{"invalidTestData":"","locatorType":"xpath","locatorValue":"//input[@data-test='email-input']","objType":"textbox","saveTestData":"","validTestData":""},"Password":{"label":"Password","locatorType":"xpath","locatorValue":"//label[@for='password']","objType":"Label"},"PasswordText":{"invalidTestData":"","locatorType":"xpath","locatorValue":"//input[@data-test='password-input']","objType":"textbox","saveTestData":"","validTestData":""},"SignIn":{"label":"Sign In","locatorType":"xpath","locatorValue":"//button[@data-test='submit-button']","objType":"button"},"Username":{"label":"Username","locatorType":"xpath","locatorValue":"//label[@for='username']","objType":"Label"},"UsernameText":{"invalidTestData":"","locatorType":"xpath","locatorValue":"//input[@data-test='username-input']","objType":"textbox","saveTestData":"A|B","validTestData":""}},"Table":{}}},"service":"job-posting-service","timestamp":"2025-09-26T09:50:14.422Z"}
{"level":"info","message":"Is input field enabled?","meta":true,"service":"job-posting-service","timestamp":"2025-09-26T09:50:16.027Z"}
{"level":"info","message":"Is input field visible?","meta":true,"service":"job-posting-service","timestamp":"2025-09-26T09:50:16.264Z"}
{"level":"info","message":"Read value using textContent()","meta":"","service":"job-posting-service","timestamp":"2025-09-26T09:50:17.121Z"}
{"level":"info","message":"Read value using innerText()","meta":"","service":"job-posting-service","timestamp":"2025-09-26T09:50:17.127Z"}
{"level":"info","message":"Read value using innerHTML()","meta":"","service":"job-posting-service","timestamp":"2025-09-26T09:50:17.130Z"}
{"level":"info","message":"Read value using inputValue()","meta":"ABCD123","service":"job-posting-service","timestamp":"2025-09-26T09:50:17.133Z"}
{"level":"info","message":"Read value using inputValue() after clear()","meta":"","service":"job-posting-service","timestamp":"2025-09-26T09:50:17.459Z"}
{"level":"info","message":"info","meta":"Test Case Completed : Perform operation on Input field Status : passed","service":"job-posting-service","timestamp":"2025-09-26T09:50:18.983Z"}
{"level":"info","message":"playwright-framework-template undefined","service":"job-posting-service","timestamp":"2025-09-26T11:21:03.760Z"}
{"level":"info","message":"info","meta":"Test Suite Started :  , 1 tests","service":"job-posting-service","timestamp":"2025-09-26T11:21:04.259Z"}
{"level":"info","message":"info","meta":"Test Case Started : Perform operation on Input field using pressSequentially()","service":"job-posting-service","timestamp":"2025-09-26T11:21:08.937Z"}
{"level":"info","message":"Reading JSON from:","meta":"C:\\fastcode\\playwright-framework-template\\tests\\resources\\uiMap\\moataeldebsy.json","service":"job-posting-service","timestamp":"2025-09-26T11:21:11.677Z"}
{"level":"info","message":"info","meta":"Executing Step : navigateToUrl : https://test-edzotech.web.app/index.html - WebHelper.navigateToUrl ","service":"job-posting-service","timestamp":"2025-09-26T11:21:11.718Z"}
{"level":"info","message":{"Basic":{"Forms":{"Email":{"label":"Email","locatorType":"xpath","locatorValue":"//label[@for='email']","objType":"Label"},"EmailText":{"invalidTestData":"","locatorType":"xpath","locatorValue":"//input[@data-test='email-input']","objType":"textbox","saveTestData":"","validTestData":""},"Password":{"label":"Password","locatorType":"xpath","locatorValue":"//label[@for='password']","objType":"Label"},"PasswordText":{"invalidTestData":"","locatorType":"xpath","locatorValue":"//input[@data-test='password-input']","objType":"textbox","saveTestData":"","validTestData":""},"SignIn":{"label":"Sign In","locatorType":"xpath","locatorValue":"//button[@data-test='submit-button']","objType":"button"},"Username":{"label":"Username","locatorType":"xpath","locatorValue":"//label[@for='username']","objType":"Label"},"UsernameText":{"invalidTestData":"","locatorType":"xpath","locatorValue":"//input[@data-test='username-input']","objType":"textbox","saveTestData":"A|B","validTestData":""}},"Table":{}}},"service":"job-posting-service","timestamp":"2025-09-26T11:21:11.698Z"}
{"level":"info","message":"info","meta":"Test Case Completed : Perform operation on Input field using pressSequentially() Status : passed","service":"job-posting-service","timestamp":"2025-09-26T11:21:24.120Z"}
{"level":"info","message":"playwright-framework-template undefined","service":"job-posting-service","timestamp":"2025-09-26T11:26:48.680Z"}
{"level":"info","message":"info","meta":"Test Suite Started :  , 1 tests","service":"job-posting-service","timestamp":"2025-09-26T11:26:49.222Z"}
{"level":"info","message":"info","meta":"Test Case Started : Perofrm operation on Input field using press","service":"job-posting-service","timestamp":"2025-09-26T11:26:54.372Z"}
{"level":"info","message":"Reading JSON from:","meta":"C:\\fastcode\\playwright-framework-template\\tests\\resources\\uiMap\\moataeldebsy.json","service":"job-posting-service","timestamp":"2025-09-26T11:26:57.580Z"}
{"level":"info","message":"info","meta":"Executing Step : navigateToUrl : https://test-edzotech.web.app/index.html - WebHelper.navigateToUrl ","service":"job-posting-service","timestamp":"2025-09-26T11:26:57.609Z"}
{"level":"info","message":{"Basic":{"Forms":{"Email":{"label":"Email","locatorType":"xpath","locatorValue":"//label[@for='email']","objType":"Label"},"EmailText":{"invalidTestData":"","locatorType":"xpath","locatorValue":"//input[@data-test='email-input']","objType":"textbox","saveTestData":"","validTestData":""},"Password":{"label":"Password","locatorType":"xpath","locatorValue":"//label[@for='password']","objType":"Label"},"PasswordText":{"invalidTestData":"","locatorType":"xpath","locatorValue":"//input[@data-test='password-input']","objType":"textbox","saveTestData":"","validTestData":""},"SignIn":{"label":"Sign In","locatorType":"xpath","locatorValue":"//button[@data-test='submit-button']","objType":"button"},"Username":{"label":"Username","locatorType":"xpath","locatorValue":"//label[@for='username']","objType":"Label"},"UsernameText":{"invalidTestData":"","locatorType":"xpath","locatorValue":"//input[@data-test='username-input']","objType":"textbox","saveTestData":"A|B","validTestData":""}},"Table":{}}},"service":"job-posting-service","timestamp":"2025-09-26T11:26:57.593Z"}
{"level":"info","message":"info","meta":"Test Case Completed : Perofrm operation on Input field using press Status : passed","service":"job-posting-service","timestamp":"2025-09-26T11:27:16.901Z"}
{"level":"info","message":"playwright-framework-template undefined","service":"job-posting-service","timestamp":"2025-09-28T01:40:18.002Z"}
{"level":"info","message":"info","meta":"Test Suite Started :  , 1 tests","service":"job-posting-service","timestamp":"2025-09-28T01:40:18.051Z"}
{"level":"info","message":"info","meta":"Test Case Started : Launch browser using config","service":"job-posting-service","timestamp":"2025-09-28T01:40:19.046Z"}
{"level":"info","message":"info","meta":"Test Case Completed : Launch browser using config Status : passed","service":"job-posting-service","timestamp":"2025-09-28T01:40:26.830Z"}
{"level":"info","message":"playwright-framework-template undefined","service":"job-posting-service","timestamp":"2025-09-28T01:40:39.661Z"}
{"level":"info","message":"info","meta":"Test Suite Started :  , 1 tests","service":"job-posting-service","timestamp":"2025-09-28T01:40:39.704Z"}
{"level":"info","message":"info","meta":"Test Case Started : Launch browser using config","service":"job-posting-service","timestamp":"2025-09-28T01:40:40.820Z"}
{"level":"info","message":"info","meta":"Test Case Completed : Launch browser using config Status : passed","service":"job-posting-service","timestamp":"2025-09-28T01:40:48.287Z"}
{"level":"info","message":"playwright-framework-template undefined","service":"job-posting-service","timestamp":"2025-10-03T14:55:09.220Z"}
{"level":"info","message":"info","meta":"Test Suite Started :  , 1 tests","service":"job-posting-service","timestamp":"2025-10-03T14:55:09.437Z"}
{"level":"info","message":"info","meta":"Test Case Started : Enter value in forms @form","service":"job-posting-service","timestamp":"2025-10-03T14:55:10.767Z"}
{"level":"info","message":"Reading JSON from:","meta":"C:\\fastcode\\playwright-framework-template\\tests\\resources\\uiMap\\moataeldebsy.json","service":"job-posting-service","timestamp":"2025-10-03T14:55:12.319Z"}
{"level":"info","message":{"Basic":{"Forms":{"Email":{"label":"Email","locatorType":"xpath","locatorValue":"//label[@for='email']","objType":"Label"},"EmailText":{"invalidTestData":"","locatorType":"xpath","locatorValue":"//input[@data-test='email-input']","objType":"textbox","saveTestData":"","validTestData":""},"Password":{"label":"Password","locatorType":"xpath","locatorValue":"//label[@for='password']","objType":"Label"},"PasswordText":{"invalidTestData":"","locatorType":"xpath","locatorValue":"//input[@data-test='password-input']","objType":"textbox","saveTestData":"","validTestData":""},"SignIn":{"label":"Sign In","locatorType":"xpath","locatorValue":"//button[@data-test='submit-button']","objType":"button"},"Username":{"label":"Username","locatorType":"xpath","locatorValue":"//label[@for='username']","objType":"Label"},"UsernameText":{"invalidTestData":"","locatorType":"xpath","locatorValue":"//input[@data-test='username-input']","objType":"textbox","saveTestData":"A|B","validTestData":""}},"Table":{}}},"service":"job-posting-service","timestamp":"2025-10-03T14:55:12.334Z"}
{"level":"info","message":"info","meta":"Executing Step : changeValueOnUi - WebHelper.changeValueOnUi ","service":"job-posting-service","timestamp":"2025-10-03T14:55:13.226Z"}
{"level":"info","message":"info","meta":"Executing Step : findElement - WebHelper.findElement ","service":"job-posting-service","timestamp":"2025-10-03T14:55:13.243Z"}
{"level":"info","message":"info","meta":"Executing Step : getText - WebHelper.getText ","service":"job-posting-service","timestamp":"2025-10-03T14:55:13.346Z"}
{"level":"info","message":"info","meta":"Executing Step : getValueFromArray - WebHelper.getValueFromArray ","service":"job-posting-service","timestamp":"2025-10-03T14:55:13.403Z"}
{"level":"info","message":"info","meta":"Executing Step : enterText - WebHelper.enterText ","service":"job-posting-service","timestamp":"2025-10-03T14:55:13.405Z"}
{"level":"info","message":"info","meta":"Test Case Completed : Enter value in forms @form Status : failed","service":"job-posting-service","timestamp":"2025-10-03T14:55:14.169Z"}
{"level":"info","message":"info","meta":"Test Case Started : Enter value in forms @form","service":"job-posting-service","timestamp":"2025-10-03T14:55:15.418Z"}
{"level":"info","message":"Reading JSON from:","meta":"C:\\fastcode\\playwright-framework-template\\tests\\resources\\uiMap\\moataeldebsy.json","service":"job-posting-service","timestamp":"2025-10-03T14:55:17.318Z"}
{"level":"info","message":{"Basic":{"Forms":{"Email":{"label":"Email","locatorType":"xpath","locatorValue":"//label[@for='email']","objType":"Label"},"EmailText":{"invalidTestData":"","locatorType":"xpath","locatorValue":"//input[@data-test='email-input']","objType":"textbox","saveTestData":"","validTestData":""},"Password":{"label":"Password","locatorType":"xpath","locatorValue":"//label[@for='password']","objType":"Label"},"PasswordText":{"invalidTestData":"","locatorType":"xpath","locatorValue":"//input[@data-test='password-input']","objType":"textbox","saveTestData":"","validTestData":""},"SignIn":{"label":"Sign In","locatorType":"xpath","locatorValue":"//button[@data-test='submit-button']","objType":"button"},"Username":{"label":"Username","locatorType":"xpath","locatorValue":"//label[@for='username']","objType":"Label"},"UsernameText":{"invalidTestData":"","locatorType":"xpath","locatorValue":"//input[@data-test='username-input']","objType":"textbox","saveTestData":"A|B","validTestData":""}},"Table":{}}},"service":"job-posting-service","timestamp":"2025-10-03T14:55:17.331Z"}
{"level":"info","message":"info","meta":"Executing Step : changeValueOnUi - WebHelper.changeValueOnUi ","service":"job-posting-service","timestamp":"2025-10-03T14:55:17.756Z"}
{"level":"info","message":"info","meta":"Executing Step : findElement - WebHelper.findElement ","service":"job-posting-service","timestamp":"2025-10-03T14:55:17.791Z"}
{"level":"info","message":"info","meta":"Executing Step : getText - WebHelper.getText ","service":"job-posting-service","timestamp":"2025-10-03T14:55:17.893Z"}
{"level":"info","message":"info","meta":"Executing Step : getValueFromArray - WebHelper.getValueFromArray ","service":"job-posting-service","timestamp":"2025-10-03T14:55:17.955Z"}
{"level":"info","message":"info","meta":"Executing Step : enterText - WebHelper.enterText ","service":"job-posting-service","timestamp":"2025-10-03T14:55:17.956Z"}
{"level":"info","message":"info","meta":"Test Case Completed : Enter value in forms @form Status : failed","service":"job-posting-service","timestamp":"2025-10-03T14:55:18.700Z"}
{"level":"info","message":"info","meta":"Test Case Started : Enter value in forms @form","service":"job-posting-service","timestamp":"2025-10-03T14:55:20.506Z"}
{"level":"info","message":"Reading JSON from:","meta":"C:\\fastcode\\playwright-framework-template\\tests\\resources\\uiMap\\moataeldebsy.json","service":"job-posting-service","timestamp":"2025-10-03T14:55:22.357Z"}
{"level":"info","message":{"Basic":{"Forms":{"Email":{"label":"Email","locatorType":"xpath","locatorValue":"//label[@for='email']","objType":"Label"},"EmailText":{"invalidTestData":"","locatorType":"xpath","locatorValue":"//input[@data-test='email-input']","objType":"textbox","saveTestData":"","validTestData":""},"Password":{"label":"Password","locatorType":"xpath","locatorValue":"//label[@for='password']","objType":"Label"},"PasswordText":{"invalidTestData":"","locatorType":"xpath","locatorValue":"//input[@data-test='password-input']","objType":"textbox","saveTestData":"","validTestData":""},"SignIn":{"label":"Sign In","locatorType":"xpath","locatorValue":"//button[@data-test='submit-button']","objType":"button"},"Username":{"label":"Username","locatorType":"xpath","locatorValue":"//label[@for='username']","objType":"Label"},"UsernameText":{"invalidTestData":"","locatorType":"xpath","locatorValue":"//input[@data-test='username-input']","objType":"textbox","saveTestData":"A|B","validTestData":""}},"Table":{}}},"service":"job-posting-service","timestamp":"2025-10-03T14:55:22.374Z"}
{"level":"info","message":"info","meta":"Executing Step : changeValueOnUi - WebHelper.changeValueOnUi ","service":"job-posting-service","timestamp":"2025-10-03T14:55:22.936Z"}
{"level":"info","message":"info","meta":"Executing Step : findElement - WebHelper.findElement ","service":"job-posting-service","timestamp":"2025-10-03T14:55:22.965Z"}
{"level":"info","message":"info","meta":"Executing Step : getText - WebHelper.getText ","service":"job-posting-service","timestamp":"2025-10-03T14:55:23.084Z"}
{"level":"info","message":"info","meta":"Executing Step : getValueFromArray - WebHelper.getValueFromArray ","service":"job-posting-service","timestamp":"2025-10-03T14:55:23.149Z"}
{"level":"info","message":"info","meta":"Executing Step : enterText - WebHelper.enterText ","service":"job-posting-service","timestamp":"2025-10-03T14:55:23.150Z"}
{"level":"info","message":"info","meta":"Test Case Completed : Enter value in forms @form Status : failed","service":"job-posting-service","timestamp":"2025-10-03T14:55:24.008Z"}
{"level":"info","message":"playwright-framework-template undefined","service":"job-posting-service","timestamp":"2025-10-03T14:56:40.080Z"}
{"level":"info","message":"info","meta":"Test Suite Started :  , 1 tests","service":"job-posting-service","timestamp":"2025-10-03T14:56:40.988Z"}
{"level":"info","message":"info","meta":"Test Case Started : Enter value in forms @form","service":"job-posting-service","timestamp":"2025-10-03T14:56:46.855Z"}
{"level":"info","message":"Reading JSON from:","meta":"C:\\fastcode\\playwright-framework-template\\tests\\resources\\uiMap\\moataeldebsy.json","service":"job-posting-service","timestamp":"2025-10-03T14:56:48.870Z"}
{"level":"info","message":{"Basic":{"Forms":{"Email":{"label":"Email","locatorType":"xpath","locatorValue":"//label[@for='email']","objType":"Label"},"EmailText":{"invalidTestData":"","locatorType":"xpath","locatorValue":"//input[@data-test='email-input']","objType":"textbox","saveTestData":"","validTestData":""},"Password":{"label":"Password","locatorType":"xpath","locatorValue":"//label[@for='password']","objType":"Label"},"PasswordText":{"invalidTestData":"","locatorType":"xpath","locatorValue":"//input[@data-test='password-input']","objType":"textbox","saveTestData":"","validTestData":""},"SignIn":{"label":"Sign In","locatorType":"xpath","locatorValue":"//button[@data-test='submit-button']","objType":"button"},"Username":{"label":"Username","locatorType":"xpath","locatorValue":"//label[@for='username']","objType":"Label"},"UsernameText":{"invalidTestData":"","locatorType":"xpath","locatorValue":"//input[@data-test='username-input']","objType":"textbox","saveTestData":"A|B","validTestData":""}},"Table":{}}},"service":"job-posting-service","timestamp":"2025-10-03T14:56:48.880Z"}
{"level":"info","message":"info","meta":"Executing Step : changeValueOnUi - WebHelper.changeValueOnUi ","service":"job-posting-service","timestamp":"2025-10-03T14:56:49.310Z"}
{"level":"info","message":"info","meta":"Executing Step : findElement - WebHelper.findElement ","service":"job-posting-service","timestamp":"2025-10-03T14:56:49.333Z"}
{"level":"info","message":"info","meta":"Executing Step : getText - WebHelper.getText ","service":"job-posting-service","timestamp":"2025-10-03T14:57:06.801Z"}
{"level":"info","message":"info","meta":"Executing Step : getValueFromArray - WebHelper.getValueFromArray ","service":"job-posting-service","timestamp":"2025-10-03T14:57:09.756Z"}
{"level":"info","message":"info","meta":"Executing Step : enterText - WebHelper.enterText ","service":"job-posting-service","timestamp":"2025-10-03T14:57:20.953Z"}
{"level":"info","message":"info","meta":"Test Case Completed : Enter value in forms @form Status : failed","service":"job-posting-service","timestamp":"2025-10-03T14:57:32.627Z"}
{"level":"info","message":"info","meta":"Test Case Started : Enter value in forms @form","service":"job-posting-service","timestamp":"2025-10-03T14:57:37.876Z"}
{"level":"info","message":"Reading JSON from:","meta":"C:\\fastcode\\playwright-framework-template\\tests\\resources\\uiMap\\moataeldebsy.json","service":"job-posting-service","timestamp":"2025-10-03T14:57:39.866Z"}
{"level":"info","message":{"Basic":{"Forms":{"Email":{"label":"Email","locatorType":"xpath","locatorValue":"//label[@for='email']","objType":"Label"},"EmailText":{"invalidTestData":"","locatorType":"xpath","locatorValue":"//input[@data-test='email-input']","objType":"textbox","saveTestData":"","validTestData":""},"Password":{"label":"Password","locatorType":"xpath","locatorValue":"//label[@for='password']","objType":"Label"},"PasswordText":{"invalidTestData":"","locatorType":"xpath","locatorValue":"//input[@data-test='password-input']","objType":"textbox","saveTestData":"","validTestData":""},"SignIn":{"label":"Sign In","locatorType":"xpath","locatorValue":"//button[@data-test='submit-button']","objType":"button"},"Username":{"label":"Username","locatorType":"xpath","locatorValue":"//label[@for='username']","objType":"Label"},"UsernameText":{"invalidTestData":"","locatorType":"xpath","locatorValue":"//input[@data-test='username-input']","objType":"textbox","saveTestData":"A|B","validTestData":""}},"Table":{}}},"service":"job-posting-service","timestamp":"2025-10-03T14:57:39.880Z"}
{"level":"info","message":"info","meta":"Executing Step : changeValueOnUi - WebHelper.changeValueOnUi ","service":"job-posting-service","timestamp":"2025-10-03T14:57:40.565Z"}
{"level":"info","message":"info","meta":"Executing Step : findElement - WebHelper.findElement ","service":"job-posting-service","timestamp":"2025-10-03T14:57:40.607Z"}
{"level":"info","message":"info","meta":"Executing Step : getText - WebHelper.getText ","service":"job-posting-service","timestamp":"2025-10-03T14:57:44.145Z"}
{"level":"info","message":"info","meta":"Executing Step : getValueFromArray - WebHelper.getValueFromArray ","service":"job-posting-service","timestamp":"2025-10-03T14:57:44.265Z"}
{"level":"info","message":"info","meta":"Executing Step : enterText - WebHelper.enterText ","service":"job-posting-service","timestamp":"2025-10-03T14:57:44.269Z"}
{"level":"info","message":"info","meta":"Test Case Completed : Enter value in forms @form Status : failed","service":"job-posting-service","timestamp":"2025-10-03T14:57:45.817Z"}
{"level":"info","message":"info","meta":"Test Case Started : Enter value in forms @form","service":"job-posting-service","timestamp":"2025-10-03T14:57:50.012Z"}
{"level":"info","message":"Reading JSON from:","meta":"C:\\fastcode\\playwright-framework-template\\tests\\resources\\uiMap\\moataeldebsy.json","service":"job-posting-service","timestamp":"2025-10-03T14:57:52.064Z"}
{"level":"info","message":{"Basic":{"Forms":{"Email":{"label":"Email","locatorType":"xpath","locatorValue":"//label[@for='email']","objType":"Label"},"EmailText":{"invalidTestData":"","locatorType":"xpath","locatorValue":"//input[@data-test='email-input']","objType":"textbox","saveTestData":"","validTestData":""},"Password":{"label":"Password","locatorType":"xpath","locatorValue":"//label[@for='password']","objType":"Label"},"PasswordText":{"invalidTestData":"","locatorType":"xpath","locatorValue":"//input[@data-test='password-input']","objType":"textbox","saveTestData":"","validTestData":""},"SignIn":{"label":"Sign In","locatorType":"xpath","locatorValue":"//button[@data-test='submit-button']","objType":"button"},"Username":{"label":"Username","locatorType":"xpath","locatorValue":"//label[@for='username']","objType":"Label"},"UsernameText":{"invalidTestData":"","locatorType":"xpath","locatorValue":"//input[@data-test='username-input']","objType":"textbox","saveTestData":"A|B","validTestData":""}},"Table":{}}},"service":"job-posting-service","timestamp":"2025-10-03T14:57:52.077Z"}
{"level":"info","message":"info","meta":"Executing Step : changeValueOnUi - WebHelper.changeValueOnUi ","service":"job-posting-service","timestamp":"2025-10-03T14:57:52.531Z"}
{"level":"info","message":"info","meta":"Executing Step : findElement - WebHelper.findElement ","service":"job-posting-service","timestamp":"2025-10-03T14:57:52.563Z"}
{"level":"info","message":"info","meta":"Executing Step : getText - WebHelper.getText ","service":"job-posting-service","timestamp":"2025-10-03T14:57:55.689Z"}
{"level":"info","message":"info","meta":"Executing Step : getValueFromArray - WebHelper.getValueFromArray ","service":"job-posting-service","timestamp":"2025-10-03T14:57:55.817Z"}
{"level":"info","message":"info","meta":"Executing Step : enterText - WebHelper.enterText ","service":"job-posting-service","timestamp":"2025-10-03T14:57:55.820Z"}
{"level":"info","message":"info","meta":"Test Case Completed : Enter value in forms @form Status : failed","service":"job-posting-service","timestamp":"2025-10-03T14:57:57.328Z"}
{"level":"info","message":"playwright-framework-template undefined","service":"job-posting-service","timestamp":"2025-10-03T14:58:56.342Z"}
{"level":"info","message":"info","meta":"Test Suite Started :  , 1 tests","service":"job-posting-service","timestamp":"2025-10-03T14:58:57.189Z"}
{"level":"info","message":"info","meta":"Test Case Started : Enter value in forms @form","service":"job-posting-service","timestamp":"2025-10-03T14:59:00.541Z"}
{"level":"info","message":"Reading JSON from:","meta":"C:\\fastcode\\playwright-framework-template\\tests\\resources\\uiMap\\moataeldebsy.json","service":"job-posting-service","timestamp":"2025-10-03T14:59:02.373Z"}
{"level":"info","message":{"Basic":{"Forms":{"Email":{"label":"Email","locatorType":"xpath","locatorValue":"//label[@for='email']","objType":"Label"},"EmailText":{"invalidTestData":"","locatorType":"xpath","locatorValue":"//input[@data-test='email-input']","objType":"textbox","saveTestData":"","validTestData":""},"Password":{"label":"Password","locatorType":"xpath","locatorValue":"//label[@for='password']","objType":"Label"},"PasswordText":{"invalidTestData":"","locatorType":"xpath","locatorValue":"//input[@data-test='password-input']","objType":"textbox","saveTestData":"","validTestData":""},"SignIn":{"label":"Sign In","locatorType":"xpath","locatorValue":"//button[@data-test='submit-button']","objType":"button"},"Username":{"label":"Username","locatorType":"xpath","locatorValue":"//label[@for='username']","objType":"Label"},"UsernameText":{"invalidTestData":"","locatorType":"xpath","locatorValue":"//input[@data-test='username-input']","objType":"textbox","saveTestData":"A|B","validTestData":""}},"Table":{}}},"service":"job-posting-service","timestamp":"2025-10-03T14:59:02.385Z"}
{"level":"info","message":"info","meta":"Executing Step : changeValueOnUi - WebHelper.changeValueOnUi ","service":"job-posting-service","timestamp":"2025-10-03T14:59:02.850Z"}
{"level":"info","message":"info","meta":"Executing Step : findElement - WebHelper.findElement ","service":"job-posting-service","timestamp":"2025-10-03T14:59:02.879Z"}
{"level":"info","message":"info","meta":"Executing Step : getText - WebHelper.getText ","service":"job-posting-service","timestamp":"2025-10-03T14:59:11.999Z"}
{"level":"info","message":"info","meta":"Executing Step : getValueFromArray - WebHelper.getValueFromArray ","service":"job-posting-service","timestamp":"2025-10-03T14:59:19.899Z"}
{"level":"info","message":"info","meta":"Executing Step : enterText - WebHelper.enterText ","service":"job-posting-service","timestamp":"2025-10-03T14:59:19.910Z"}
{"level":"info","message":"info","meta":"Test Case Completed : Enter value in forms @form Status : failed","service":"job-posting-service","timestamp":"2025-10-03T14:59:22.843Z"}
{"level":"info","message":"info","meta":"Test Case Started : Enter value in forms @form","service":"job-posting-service","timestamp":"2025-10-03T14:59:28.311Z"}
{"level":"info","message":"Reading JSON from:","meta":"C:\\fastcode\\playwright-framework-template\\tests\\resources\\uiMap\\moataeldebsy.json","service":"job-posting-service","timestamp":"2025-10-03T14:59:30.562Z"}
{"level":"info","message":{"Basic":{"Forms":{"Email":{"label":"Email","locatorType":"xpath","locatorValue":"//label[@for='email']","objType":"Label"},"EmailText":{"invalidTestData":"","locatorType":"xpath","locatorValue":"//input[@data-test='email-input']","objType":"textbox","saveTestData":"","validTestData":""},"Password":{"label":"Password","locatorType":"xpath","locatorValue":"//label[@for='password']","objType":"Label"},"PasswordText":{"invalidTestData":"","locatorType":"xpath","locatorValue":"//input[@data-test='password-input']","objType":"textbox","saveTestData":"","validTestData":""},"SignIn":{"label":"Sign In","locatorType":"xpath","locatorValue":"//button[@data-test='submit-button']","objType":"button"},"Username":{"label":"Username","locatorType":"xpath","locatorValue":"//label[@for='username']","objType":"Label"},"UsernameText":{"invalidTestData":"","locatorType":"xpath","locatorValue":"//input[@data-test='username-input']","objType":"textbox","saveTestData":"A|B","validTestData":""}},"Table":{}}},"service":"job-posting-service","timestamp":"2025-10-03T14:59:30.577Z"}
{"level":"info","message":"info","meta":"Executing Step : changeValueOnUi - WebHelper.changeValueOnUi ","service":"job-posting-service","timestamp":"2025-10-03T14:59:31.121Z"}
{"level":"info","message":"info","meta":"Executing Step : findElement - WebHelper.findElement ","service":"job-posting-service","timestamp":"2025-10-03T14:59:31.156Z"}
{"level":"info","message":"info","meta":"Executing Step : getText - WebHelper.getText ","service":"job-posting-service","timestamp":"2025-10-03T14:59:34.051Z"}
{"level":"info","message":"info","meta":"Executing Step : getValueFromArray - WebHelper.getValueFromArray ","service":"job-posting-service","timestamp":"2025-10-03T14:59:35.253Z"}
{"level":"info","message":"info","meta":"Executing Step : enterText - WebHelper.enterText ","service":"job-posting-service","timestamp":"2025-10-03T14:59:35.257Z"}
{"level":"info","message":"info","meta":"Test Case Completed : Enter value in forms @form Status : failed","service":"job-posting-service","timestamp":"2025-10-03T14:59:37.409Z"}
{"level":"info","message":"info","meta":"Test Case Started : Enter value in forms @form","service":"job-posting-service","timestamp":"2025-10-03T14:59:41.670Z"}
{"level":"info","message":"Reading JSON from:","meta":"C:\\fastcode\\playwright-framework-template\\tests\\resources\\uiMap\\moataeldebsy.json","service":"job-posting-service","timestamp":"2025-10-03T14:59:43.601Z"}
{"level":"info","message":{"Basic":{"Forms":{"Email":{"label":"Email","locatorType":"xpath","locatorValue":"//label[@for='email']","objType":"Label"},"EmailText":{"invalidTestData":"","locatorType":"xpath","locatorValue":"//input[@data-test='email-input']","objType":"textbox","saveTestData":"","validTestData":""},"Password":{"label":"Password","locatorType":"xpath","locatorValue":"//label[@for='password']","objType":"Label"},"PasswordText":{"invalidTestData":"","locatorType":"xpath","locatorValue":"//input[@data-test='password-input']","objType":"textbox","saveTestData":"","validTestData":""},"SignIn":{"label":"Sign In","locatorType":"xpath","locatorValue":"//button[@data-test='submit-button']","objType":"button"},"Username":{"label":"Username","locatorType":"xpath","locatorValue":"//label[@for='username']","objType":"Label"},"UsernameText":{"invalidTestData":"","locatorType":"xpath","locatorValue":"//input[@data-test='username-input']","objType":"textbox","saveTestData":"A|B","validTestData":""}},"Table":{}}},"service":"job-posting-service","timestamp":"2025-10-03T14:59:43.616Z"}
{"level":"info","message":"info","meta":"Executing Step : changeValueOnUi - WebHelper.changeValueOnUi ","service":"job-posting-service","timestamp":"2025-10-03T14:59:44.148Z"}
{"level":"info","message":"info","meta":"Executing Step : findElement - WebHelper.findElement ","service":"job-posting-service","timestamp":"2025-10-03T14:59:44.197Z"}
{"level":"info","message":"info","meta":"Executing Step : getText - WebHelper.getText ","service":"job-posting-service","timestamp":"2025-10-03T14:59:47.682Z"}
{"level":"info","message":"info","meta":"Executing Step : getValueFromArray - WebHelper.getValueFromArray ","service":"job-posting-service","timestamp":"2025-10-03T15:00:24.112Z"}
{"level":"info","message":"info","meta":"Executing Step : enterText - WebHelper.enterText ","service":"job-posting-service","timestamp":"2025-10-03T15:01:10.266Z"}
{"level":"info","message":"info","meta":"Test Case Completed : Enter value in forms @form Status : failed","service":"job-posting-service","timestamp":"2025-10-03T15:01:17.969Z"}
{"level":"info","message":"playwright-framework-template undefined","service":"job-posting-service","timestamp":"2025-10-03T15:07:43.369Z"}
{"level":"info","message":"info","meta":"Test Suite Started :  , 1 tests","service":"job-posting-service","timestamp":"2025-10-03T15:07:43.778Z"}
{"level":"info","message":"info","meta":"Test Case Started : Verify homepage","service":"job-posting-service","timestamp":"2025-10-03T15:07:47.016Z"}
{"level":"info","message":"Reading JSON from:","meta":"C:\\fastcode\\playwright-framework-template\\tests\\resources\\uiMap\\moataeldebsy.json","service":"job-posting-service","timestamp":"2025-10-03T15:07:48.864Z"}
{"level":"info","message":"info","meta":"Executing Step : navigateToUrl : https://google.co.in - WebHelper.navigateToUrl ","service":"job-posting-service","timestamp":"2025-10-03T15:07:48.885Z"}
{"level":"info","message":{"Basic":{"Forms":{"Email":{"label":"Email","locatorType":"xpath","locatorValue":"//label[@for='email']","objType":"Label"},"EmailText":{"invalidTestData":"","locatorType":"xpath","locatorValue":"//input[@data-test='email-input']","objType":"textbox","saveTestData":"","validTestData":""},"Password":{"label":"Password","locatorType":"xpath","locatorValue":"//label[@for='password']","objType":"Label"},"PasswordText":{"invalidTestData":"","locatorType":"xpath","locatorValue":"//input[@data-test='password-input']","objType":"textbox","saveTestData":"","validTestData":""},"SignIn":{"label":"Sign In","locatorType":"xpath","locatorValue":"//button[@data-test='submit-button']","objType":"button"},"Username":{"label":"Username","locatorType":"xpath","locatorValue":"//label[@for='username']","objType":"Label"},"UsernameText":{"invalidTestData":"","locatorType":"xpath","locatorValue":"//input[@data-test='username-input']","objType":"textbox","saveTestData":"A|B","validTestData":""}},"Table":{}}},"service":"job-posting-service","timestamp":"2025-10-03T15:07:48.874Z"}
{"level":"info","message":"info","meta":"Test Case Completed : Verify homepage Status : passed","service":"job-posting-service","timestamp":"2025-10-03T15:07:51.436Z"}
